<?xml version="1.0" encoding="UTF-8" ?>
<testsuites>
 <testsuite name="MasterScript_script" package="ExpertTutorial.suite" timestamp="2021-10-12 17:30:21.061 +0000"
 tests="1"  failures="1" errors="1" time="2.507000">
  <properties>
   <property name="RunDate" value="2021-10-12 17:30:21.061 +0000"/>
   <property name="Status" value="Failure"/>
  </properties>
  <testcase name="MasterScript.script" assertions="1" status="error"  time="2.497">
    <failure type="FAILURE" message="Error Running Script Command: searchrectangle Error - Too Many Parameters, please use searchrectangle() with no parameters\n -- Execution Time 0:00:02 MasterScript.script" />
    <error type="Exception" message="Too Many Parameters, please use searchrectangle() with no parameters\n" />
  </testcase>
 </testsuite>
</testsuites>
