<?xml version="1.0" encoding="UTF-8" ?>
<testsuites>
 <testsuite name="MasterScript_script" package="ExpertTutorial.suite" timestamp="2021-10-12 17:20:16.375 +0000"
 tests="1"  failures="1" errors="1" time="82.191000">
  <properties>
   <property name="RunDate" value="2021-10-12 17:20:16.375 +0000"/>
   <property name="Status" value="Failure"/>
  </properties>
  <testcase name="MasterScript.script" assertions="2" status="error"  time="82.181">
    <failure type="FAILURE" message="Image Not Found: doubleclick Error - No Image Found On Screen: &quot;ChromeIcon&quot; -- Execution Time 0:01:22 MasterScript.script" />
    <error type="Exception" message="No Image Found On Screen: &quot;ChromeIcon&quot;" />
  </testcase>
 </testsuite>
</testsuites>
