<?xml version="1.0" encoding="UTF-8" ?>
<testsuites>
 <testsuite name="Exercise1_script" package="GeniusTutorial.suite" timestamp="2021-10-14 15:42:09.529 +0000"
 tests="1"  failures="1" errors="1" time="41.124000">
  <properties>
   <property name="RunDate" value="2021-10-14 15:42:09.529 +0000"/>
   <property name="Status" value="Failure"/>
  </properties>
  <testcase name="Exercise1.script" assertions="1" status="error"  time="41.108">
    <failure type="FAILURE" message="Image Not Found: waitfor Error - Unable To Find Any Image On Screen &quot;SearchBar&quot; within 20.00 seconds -- Execution Time 0:00:41 Exercise1.script" />
    <error type="Exception" message="Unable To Find Any Image On Screen &quot;SearchBar&quot; within 20.00 seconds" />
  </testcase>
 </testsuite>
</testsuites>
