<?xml version="1.0" encoding="UTF-8" ?>
<testsuites>
 <testsuite name="MasterScript_script" package="ExpertTutorial.suite" timestamp="2021-10-12 19:11:10.720 +0000"
 tests="1"  failures="1" errors="0" time="4.704000">
  <properties>
   <property name="RunDate" value="2021-10-12 19:11:10.720 +0000"/>
   <property name="Status" value="Failure"/>
  </properties>
  <testcase name="MasterScript.script" assertions="1" status="failure"  time="4.694">
    <failure type="FAILURE" message="STUnknownMessage: ERROR: No Such Function: 'division' -- Execution Time 0:00:04 MasterScript.script" />
  </testcase>
 </testsuite>
</testsuites>
