<?xml version="1.0" encoding="UTF-8" ?>
<testsuites>
 <testsuite name="MasterScript_script" package="ExpertTutorial.suite" timestamp="2021-10-12 18:49:10.068 +0000"
 tests="1"  failures="1" errors="0" time="0.174000">
  <properties>
   <property name="RunDate" value="2021-10-12 18:49:10.068 +0000"/>
   <property name="Status" value="Failure"/>
  </properties>
  <testcase name="MasterScript.script" assertions="1" status="failure"  time="0.163">
    <failure type="FAILURE" message="STUnknownMessage: ERROR: No Such Function: 'exercise3.a' -- Execution Time 0:00:00 MasterScript.script" />
  </testcase>
 </testsuite>
</testsuites>
