2021-10-18 14:38:36.821 +0000	START		Running MasterScript.script
2021-10-18 14:38:37.084 +0000	EndTestCase		(Duration:"0.263", Errors:"1", Exceptions:"0", StartTime:"2021-10-18 14:38:36 +0000", Successes:"0", TestCase:"MasterScript.script", Warnings:"0")
2021-10-18 14:38:37.121 +0000	FAILURE		SenseTalk Compiler Exception: in exercise3failedscript:\nSyntax Error at line 2: Syntax Error - can't understand "int" at character 15 -- Execution Time 0:00:00 MasterScript.script
