<?xml version="1.0" encoding="UTF-8" ?>
<testsuites>
 <testsuite name="MasterScript_script" package="ExpertTutorial.suite" timestamp="2021-10-11 22:38:37.986 +0000"
 tests="1"  failures="1" errors="1" time="54.399000">
  <properties>
   <property name="RunDate" value="2021-10-11 22:38:37.986 +0000"/>
   <property name="Status" value="Failure"/>
  </properties>
  <testcase name="MasterScript.script" assertions="1" status="error"  time="54.387">
    <failure type="FAILURE" message="Image Not Found: waitfor Error - Unable To Find Any Image On Screen &quot;AddToCartIcon.png&quot; within 10.00 seconds -- Execution Time 0:00:54 MasterScript.script" />
    <error type="Exception" message="Unable To Find Any Image On Screen &quot;AddToCartIcon.png&quot; within 10.00 seconds" />
  </testcase>
 </testsuite>
</testsuites>
