<?xml version="1.0" encoding="UTF-8" ?>
<testsuites>
 <testsuite name="Exercise4_script" package="ExpertTutorial.suite" timestamp="2021-10-12 21:43:22.377 +0000"
 tests="1"  failures="1" errors="1" time="89.633000">
  <properties>
   <property name="RunDate" value="2021-10-12 21:43:22.377 +0000"/>
   <property name="Status" value="Failure"/>
  </properties>
  <testcase name="Exercise4.script" assertions="1" status="error"  time="89.622">
    <failure type="FAILURE" message="Image Not Found: click Error - No Text Found On Screen: &quot;(TEXT:&quot;Green&quot;)&quot;. Text not found.  Restricted Search Rectangle ((629,400),(714,473))\n -- Execution Time 0:01:29 Exercise4.script" />
    <error type="Exception" message="No Text Found On Screen: &quot;(TEXT:&quot;Green&quot;)&quot;. Text not found." />
  </testcase>
 </testsuite>
</testsuites>
