<?xml version="1.0" encoding="UTF-8" ?>
<testsuites>
 <testsuite name="MasterScript_script" package="ExpertTutorial.suite" timestamp="2021-10-13 19:47:32.032 +0000"
 tests="1"  failures="1" errors="1" time="35.280000">
  <properties>
   <property name="RunDate" value="2021-10-13 19:47:32.032 +0000"/>
   <property name="Status" value="Failure"/>
  </properties>
  <testcase name="MasterScript.script" assertions="1" status="error"  time="35.27">
    <failure type="FAILURE" message="Image Not Found: click Error - No Image Found On Screen: &quot;SQUARES&quot; -- Execution Time 0:00:35 MasterScript.script" />
    <error type="Exception" message="No Image Found On Screen: &quot;SQUARES&quot;" />
  </testcase>
 </testsuite>
</testsuites>
