2021-10-18 14:38:21.453 +0000	START		Running Exercise3FailedScript.script
2021-10-18 14:38:21.475 +0000	EndTestCase		(Duration:"0.006", Errors:"1", Exceptions:"0", StartTime:"2021-10-18 14:38:21 +0000", Successes:"0", TestCase:"Exercise3FailedScript.script", Warnings:"0")
2021-10-18 14:38:21.507 +0000	FAILURE		SenseTalk Compiler Exception: in exercise3failedscript:\nSyntax Error at line 2: Syntax Error - can't understand "int" at character 15 -- Execution Time 0:00:00 Exercise3FailedScript.script
