<?xml version="1.0" encoding="UTF-8" ?>
<testsuites>
 <testsuite name="Exercise4_script" package="ExpertTutorial.suite" timestamp="2021-10-12 21:41:01.216 +0000"
 tests="1"  failures="1" errors="1" time="23.310000">
  <properties>
   <property name="RunDate" value="2021-10-12 21:41:01.216 +0000"/>
   <property name="Status" value="Failure"/>
  </properties>
  <testcase name="Exercise4.script" assertions="1" status="error"  time="23.298">
    <failure type="FAILURE" message="File Not Found: click Error - Could Not Open Image:  -- Execution Time 0:00:23 Exercise4.script" />
    <error type="Exception" message="Could Not Open Image: " />
  </testcase>
 </testsuite>
</testsuites>
