<?xml version="1.0" encoding="UTF-8" ?>
<testsuites>
 <testsuite name="Problems_script" package="UdemyCourse.suite" timestamp="2021-10-15 15:52:11.717 +0000"
 tests="1"  failures="1" errors="0" time="0.175000">
  <properties>
   <property name="RunDate" value="2021-10-15 15:52:11.717 +0000"/>
   <property name="Status" value="Failure"/>
  </properties>
  <testcase name="Problems.script" assertions="1" status="failure"  time="0.165">
    <failure type="FAILURE" message="STUnknownMessage: ERROR: No Such Function: 'item' -- Execution Time 0:00:00 Problems.script" />
  </testcase>
 </testsuite>
</testsuites>
