<?xml version="1.0" encoding="UTF-8" ?>
<testsuites>
 <testsuite name="Exercise4_script" package="ExpertTutorial.suite" timestamp="2021-10-12 21:13:52.781 +0000"
 tests="1"  failures="1" errors="0" time="0.013000">
  <properties>
   <property name="RunDate" value="2021-10-12 21:13:52.781 +0000"/>
   <property name="Status" value="Failure"/>
  </properties>
  <testcase name="Exercise4.script" assertions="1" status="failure"  time="0.001">
    <failure type="FAILURE" message="SenseTalk Compiler Exception: in exercise4:\nSyntax Error at line 14: Syntax Error - can't understand &quot;name&quot; at character 15 -- Execution Time 0:00:00 Exercise4.script" />
  </testcase>
 </testsuite>
</testsuites>
